2024-08-14 21:24:27,571 - __main__ - INFO - Cursor closed.
2024-08-14 21:24:27,593 - __main__ - CRITICAL - Critical error in establishing SSH Tunnel: name 'IntegrityError' is not defined
2024-08-14 21:24:44,148 - __main__ - ERROR - An unexpected error occurred during query execution: Can only use .str accessor with string values!
2024-08-14 21:24:44,148 - __main__ - ERROR - An unexpected error occurred during query execution: Can only use .str accessor with string values!
2024-08-14 21:24:44,211 - __main__ - INFO - Transaction rolled back due to an unexpected error.
2024-08-14 21:24:44,211 - __main__ - INFO - Transaction rolled back due to an unexpected error.
2024-08-14 21:24:44,211 - __main__ - INFO - Cursor closed.
2024-08-14 21:24:44,211 - __main__ - INFO - Cursor closed.
2024-08-14 21:27:56,408 - __main__ - ERROR - An unexpected error occurred during query execution: (1064, "You have an error in your SQL syntax; check the manual that corresponds to your MySQL server version for the right syntax to use near ') VALUES (92, 13, '2016', 7, 8, 0.0e0, 4)' at line 1")
2024-08-14 21:27:56,470 - __main__ - INFO - Transaction rolled back due to an unexpected error.
2024-08-14 21:27:56,470 - __main__ - INFO - Cursor closed.
2024-08-14 21:31:01,047 - __main__ - ERROR - An unexpected error occurred during query execution: Can only use .str accessor with string values!
2024-08-14 21:31:01,047 - __main__ - ERROR - An unexpected error occurred during query execution: Can only use .str accessor with string values!
2024-08-14 21:31:01,142 - __main__ - INFO - Transaction rolled back due to an unexpected error.
2024-08-14 21:31:01,142 - __main__ - INFO - Transaction rolled back due to an unexpected error.
2024-08-14 21:31:01,142 - __main__ - INFO - Cursor closed.
2024-08-14 21:31:01,142 - __main__ - INFO - Cursor closed.
2024-08-14 21:34:54,942 - __main__ - INFO - Cursor closed.
2024-08-14 21:41:15,347 - __main__ - ERROR - An unexpected error occurred during query execution: Can only use .str accessor with string values!
2024-08-14 21:41:15,347 - __main__ - ERROR - An unexpected error occurred during query execution: Can only use .str accessor with string values!
2024-08-14 21:41:15,411 - __main__ - INFO - Transaction rolled back due to an unexpected error.
2024-08-14 21:41:15,411 - __main__ - INFO - Transaction rolled back due to an unexpected error.
2024-08-14 21:41:15,411 - __main__ - INFO - Cursor closed.
2024-08-14 21:41:15,411 - __main__ - INFO - Cursor closed.
